-3.412570059299468994e-02
-5.635571852326393127e-02
-8.403443545103073120e-02
3.508834168314933777e-02
-1.083911880850791931e-01
8.943207561969757080e-02
-7.171552628278732300e-02
7.116427272558212280e-02
-6.965603679418563843e-02
1.711033657193183899e-02
9.307504631578922272e-03
2.824580110609531403e-02
2.881164103746414185e-02
-2.281216904520988464e-02
5.801946297287940979e-02
-1.735337451100349426e-02
-1.008951663970947266e-01
-4.816667735576629639e-02
6.608755141496658325e-02
8.140590786933898926e-02
6.878171861171722412e-02
-4.387424886226654053e-02
1.736491732299327850e-02
-1.062215566635131836e-01
-2.304354868829250336e-02
5.353806540369987488e-02
-6.067745853215456009e-04
-5.854593589901924133e-02
-6.343834102153778076e-02
-3.158168494701385498e-02
1.037910357117652893e-01
3.287145867943763733e-02
-1.050007715821266174e-01
-1.014204025268554688e-01
-1.194810727611184120e-03
1.069223359227180481e-01
-7.926406711339950562e-02
-7.892255485057830811e-02
-6.067073717713356018e-02
-1.018636748194694519e-01
1.383614167571067810e-02
6.019385159015655518e-02
-3.751695901155471802e-02
1.031925007700920105e-01
-3.987263143062591553e-02
-4.114037379622459412e-02
-8.885318785905838013e-02
1.442452706396579742e-02
-4.648032784461975098e-02
6.162703037261962891e-02
6.070978567004203796e-02
7.666167616844177246e-02
1.084714308381080627e-01
-7.158179581165313721e-02
-7.756347768008708954e-03
3.665248863399028778e-03
-5.027218908071517944e-02
7.963572442531585693e-02
2.971613220870494843e-02
6.438874453306198120e-02
-6.174072995781898499e-02
-4.121669754385948181e-02
9.291713684797286987e-02
-9.711148217320442200e-03
8.947349339723587036e-02
6.143234297633171082e-02
4.901250079274177551e-02
-8.518082648515701294e-02
6.021640077233314514e-02
6.426937878131866455e-02
9.522719681262969971e-02
4.843547567725181580e-02
-7.728499174118041992e-02
3.123895265161991119e-02
2.996226400136947632e-02
-3.646074607968330383e-02
7.540681213140487671e-02
-3.727407380938529968e-02
-2.965135313570499420e-02
-6.521201133728027344e-02
6.796058267354965210e-03
-5.035706609487533569e-02
9.390201419591903687e-03
-6.011015549302101135e-02
-6.628134101629257202e-02
-4.856896772980690002e-02
8.557526022195816040e-02
1.010808795690536499e-01
3.819730505347251892e-02
2.951044030487537384e-02
-6.355005502700805664e-02
-2.748700231313705444e-02
-2.208111621439456940e-02
5.328208953142166138e-02
-2.250263839960098267e-02
-2.270110510289669037e-02
-6.347128748893737793e-02
2.421391569077968597e-02
-7.614739984273910522e-02
9.959318675100803375e-03
-9.552142769098281860e-02
1.874725893139839172e-02
3.543981909751892090e-02
6.837117671966552734e-02
-1.002265810966491699e-01
-8.571572601795196533e-02
-4.875090345740318298e-02
1.194585207849740982e-02
-1.240911521017551422e-02
-8.436091989278793335e-02
1.031573563814163208e-01
5.060625448822975159e-02
-9.938823431730270386e-02
-9.926310181617736816e-02
6.647371500730514526e-02
-9.618370234966278076e-02
7.042994350194931030e-02
-1.050421670079231262e-01
-8.681811392307281494e-03
-9.491483122110366821e-02
7.373388856649398804e-02
-8.753248304128646851e-02
1.029982045292854309e-02
1.721333712339401245e-02
6.645816564559936523e-02
7.577455602586269379e-03
4.913017898797988892e-02
-2.819360047578811646e-02
4.599391669034957886e-02
-1.076292768120765686e-01
-1.385893393307924271e-02
4.135956242680549622e-02
8.454312384128570557e-02
6.129896268248558044e-02
-2.921388670802116394e-02
1.873520761728286743e-02
-8.692723512649536133e-02
3.855074569582939148e-02
1.025068089365959167e-01
9.302724897861480713e-02
-2.973916009068489075e-02
1.062414497137069702e-01
-7.518797367811203003e-02
7.259099930524826050e-02
2.928922139108181000e-02
1.071338448673486710e-02
-4.384208470582962036e-02
2.923103794455528259e-02
-7.669765502214431763e-02
3.908273577690124512e-02
1.609706133604049683e-02
-8.237449824810028076e-02
-6.555547565221786499e-02
-8.018383383750915527e-02
-6.408806890249252319e-02
9.668570756912231445e-02
-3.718908876180648804e-02
4.286316782236099243e-02
-5.795595422387123108e-02
-7.442024350166320801e-02
-4.167926311492919922e-02
-1.314883679151535034e-02
-2.695582807064056396e-03
6.857829540967941284e-02
-3.028190135955810547e-02
1.386131532490253448e-02
1.055841594934463501e-01
6.674995273351669312e-02
3.922498971223831177e-02
-8.342183427885174751e-04
-4.450416937470436096e-02
-1.714257174171507359e-03
-3.090829821303486824e-03
9.794399142265319824e-02
-8.719450235366821289e-02
-6.974553316831588745e-02
4.609759524464607239e-02
6.728578358888626099e-02
-8.605615794658660889e-02
3.898754715919494629e-03
1.020976621657609940e-02
-6.617029756307601929e-02
-2.035370655357837677e-02
5.353502556681632996e-02
5.185489356517791748e-02
7.908096164464950562e-02
8.498500287532806396e-02
4.297076538205146790e-02
4.266051203012466431e-02
-1.057200506329536438e-02
5.598801374435424805e-02
-9.953331202268600464e-02
6.661171466112136841e-02
8.793327957391738892e-02
1.071121990680694580e-01
5.387257412075996399e-02
-7.597955316305160522e-02
1.018778011202812195e-01
6.799089163541793823e-02
4.075633734464645386e-02
-2.176352078095078468e-03
7.062473148107528687e-02
-3.028517216444015503e-02
-1.029071733355522156e-01
9.855693578720092773e-02
6.766909360885620117e-02
-9.262377023696899414e-02
9.311409294605255127e-02
1.065143048763275146e-01
-8.364944159984588623e-02
-9.984765946865081787e-02
-4.790877923369407654e-02
-3.953909128904342651e-02
6.442929059267044067e-02
-7.922817021608352661e-02
4.230954870581626892e-02
1.307769212871789932e-02
9.905953705310821533e-02
-6.146848574280738831e-02
1.064959913492202759e-01
-9.678497910499572754e-02
-6.046679243445396423e-02
3.556958399713039398e-03
5.638944730162620544e-02
4.197563976049423218e-02
8.612230420112609863e-03
4.261038848198950291e-04
-5.338531360030174255e-02
-1.013872772455215454e-01
-4.629462212324142456e-02
3.905697911977767944e-02
7.548110187053680420e-02
4.696220904588699341e-02
4.582969099283218384e-02
-4.653843119740486145e-02
6.094994395971298218e-02
2.293518558144569397e-02
-2.564433030784130096e-02
-4.921738058328628540e-02
-4.387496411800384521e-02
9.298174828290939331e-02
-3.063284978270530701e-02
-6.060761958360671997e-02
-2.962469495832920074e-02
2.735418826341629028e-02
-1.145233400166034698e-02
1.683886721730232239e-02
-5.935738235712051392e-02
2.997714653611183167e-02
9.599387645721435547e-02
2.651908621191978455e-02
4.239219427108764648e-02
-2.521041035652160645e-02
5.019946023821830750e-02
-6.590419448912143707e-03
1.434010826051235199e-02
-7.860478013753890991e-03
5.158985033631324768e-02
-1.860995544120669365e-03
7.462172303348779678e-03
8.303637802600860596e-02
-6.167237833142280579e-02
-3.867939487099647522e-02
1.007662639021873474e-01
7.119940966367721558e-02
9.188491851091384888e-02
-3.898939175996929407e-04
-2.540963888168334961e-02
6.854918599128723145e-02
9.345477074384689331e-02
2.714292146265506744e-02
1.066562533378601074e-01
-9.664821624755859375e-02
-7.307603210210800171e-02
-3.127330541610717773e-02
9.474627673625946045e-02
5.653454735875129700e-02
6.105117872357368469e-02
-2.156032808125019073e-02
-4.022610932588577271e-02
-5.975593999028205872e-02
8.595856279134750366e-02
-5.230532027781009674e-03
2.397443354129791260e-02
-1.658477261662483215e-02
4.879255220293998718e-02
-7.170771807432174683e-02
6.107749789953231812e-02
6.330072414129972458e-03
-8.568146824836730957e-02
-1.389516401104629040e-03
-4.739007726311683655e-02
2.741568163037300110e-02
-3.687888383865356445e-02
4.691317677497863770e-02
1.076271906495094299e-01
-3.466974571347236633e-02
-2.307788282632827759e-02
5.586155876517295837e-02
-3.592181205749511719e-02
4.742996022105216980e-02
5.525163933634757996e-02
1.061061397194862366e-01
-7.346046715974807739e-02
-1.538155227899551392e-02
-3.980280458927154541e-02
3.988407552242279053e-02
-1.065232232213020325e-01
-3.402810543775558472e-02
9.210683405399322510e-02
-2.748708426952362061e-02
1.746639050543308258e-02
-7.918802648782730103e-02
-5.961435288190841675e-02
-1.005775481462478638e-01
-9.662247449159622192e-02
-3.072381950914859772e-02
5.120175704360008240e-02
-7.097846269607543945e-02
-6.788451969623565674e-02
-9.498359262943267822e-02
-9.919013828039169312e-02
9.328114986419677734e-02
-9.119562804698944092e-02
-9.938359260559082031e-02
4.475415498018264771e-02
5.679885670542716980e-02
1.051632463932037354e-01
3.997790068387985229e-02
1.027873381972312927e-01
-1.419037673622369766e-02
-8.937219530344009399e-02
-2.643027901649475098e-02
-9.378805756568908691e-02
-3.449156507849693298e-02
-9.353545494377613068e-03
3.570545837283134460e-02
9.713751822710037231e-02
-1.005312427878379822e-01
-3.627756983041763306e-02
-1.077621057629585266e-01
4.450028017163276672e-02
7.368565350770950317e-02
-8.794137090444564819e-02
-5.584872560575604439e-04
9.332127124071121216e-02
1.057586632668972015e-02
-1.021823100745677948e-02
1.071497723460197449e-01
-6.587306410074234009e-02
7.704524695873260498e-02
-1.898064278066158295e-02
-5.571621656417846680e-02
-2.487610094249248505e-02
-2.544075995683670044e-02
3.193488717079162598e-02
1.429289393126964569e-02
8.785604685544967651e-02
7.536075264215469360e-02
-7.648227363824844360e-02
9.557939320802688599e-02
-4.370458051562309265e-02
-5.434424057602882385e-02
-5.500984843820333481e-03
-2.945305220782756805e-02
-5.844217911362648010e-02
4.787570610642433167e-02
-6.541483849287033081e-02
-5.846528708934783936e-02
5.222396925091743469e-03
-2.914194716140627861e-03
-3.094480931758880615e-02
-9.283086657524108887e-02
9.967514127492904663e-02
5.804623663425445557e-02
4.908977821469306946e-02
-6.245111301541328430e-02
-7.302381843328475952e-02
5.802166089415550232e-02
7.796236872673034668e-02
-5.488510057330131531e-02
8.278835564851760864e-03
2.112040482461452484e-02
9.642519056797027588e-02
5.765847489237785339e-02
-2.906797081232070923e-02
1.717159152030944824e-02
6.514704972505569458e-02
-1.025326773524284363e-01
1.076156198978424072e-01
3.349337726831436157e-02
4.724952206015586853e-02
4.082595929503440857e-02
-6.071453541517257690e-02
5.158856511116027832e-02
4.340309277176856995e-02
7.598437368869781494e-02
-4.713625460863113403e-02
-7.153210788965225220e-02
-7.967310398817062378e-02
7.061189413070678711e-02
-1.937120780348777771e-02
3.566326946020126343e-02
3.332939371466636658e-02
4.202951490879058838e-02
4.401208832859992981e-02
1.787931099534034729e-02
1.561356009915471077e-03
-6.259266752749681473e-03
2.256424352526664734e-02
-1.363027561455965042e-02
1.056271567940711975e-01
6.223145127296447754e-02
1.077607721090316772e-01
9.271448105573654175e-02
-7.768329232931137085e-02
3.544491156935691833e-02
2.673897519707679749e-02
2.407168969511985779e-02
8.785129338502883911e-02
-2.220141142606735229e-02
2.632161416113376617e-02
-9.088313579559326172e-02
-3.930577263236045837e-02
-9.513784199953079224e-02
1.016670167446136475e-01
8.540648967027664185e-02
1.799733750522136688e-02
7.787428796291351318e-02
-6.151848286390304565e-02
8.686597459018230438e-03
-8.530060946941375732e-02
-4.593718051910400391e-02
9.386391937732696533e-02
-8.483859151601791382e-02
-4.811554774641990662e-02
-1.268238108605146408e-02
2.087126486003398895e-02
8.414860814809799194e-02
-1.026980876922607422e-01
3.722881898283958435e-02
7.370525971055030823e-03
-8.082152158021926880e-02
2.024208940565586090e-02
-5.274873971939086914e-02
3.806719183921813965e-02
1.189419254660606384e-02
-2.245452953502535820e-03
8.780768513679504395e-02
3.496037097647786140e-03
-2.607775107026100159e-02
9.903365373611450195e-02
5.485810339450836182e-02
-7.020535320043563843e-02
9.182695299386978149e-03
1.031538769602775574e-01
-9.577552974224090576e-02
-9.131247550249099731e-02
-1.079889163374900818e-01
1.083638221025466919e-01
-1.024385318160057068e-01
1.185661088675260544e-02
8.970842510461807251e-02
-1.050523817539215088e-01
5.680622905492782593e-02
-6.608427315950393677e-02
-1.220924081280827522e-03
6.661890074610710144e-03
-4.938476160168647766e-02
6.817597895860671997e-02
-1.034319251775741577e-01
-8.708707243204116821e-02
-6.701040267944335938e-02
6.184885278344154358e-02
6.905164569616317749e-02
-1.625706814229488373e-02
4.136737436056137085e-02
1.443913113325834274e-02
-4.282608255743980408e-02
2.416935190558433533e-02
-1.889049261808395386e-02
2.866122638806700706e-03
-1.040793769061565399e-02
2.319916523993015289e-02
-4.059075191617012024e-02
5.886770039796829224e-02
-4.593414440751075745e-02
1.011915430426597595e-01
-6.277405470609664917e-02
5.946833640336990356e-02
2.325055189430713654e-02
8.088712394237518311e-02
-5.328367277979850769e-02
1.941399276256561279e-02
-2.017645537853240967e-02
-1.046505272388458252e-01
-1.831297390162944794e-02
1.413955353200435638e-02
-9.184154123067855835e-02
8.412664383649826050e-02
8.068474382162094116e-02
1.086885407567024231e-01
-1.624378375709056854e-02
-5.697197094559669495e-02
