1.552822738885879517e-01
-1.120786890387535095e-01
-1.216654255986213684e-01
-6.978695094585418701e-02
1.370873581618070602e-02
6.229218468070030212e-02
1.352189928293228149e-01
-2.749730832874774933e-03
-2.411382086575031281e-02
2.526378259062767029e-02
6.767068803310394287e-02
-4.488664120435714722e-02
-1.144671738147735596e-01
-5.550314113497734070e-02
-3.392951563000679016e-02
-8.356933295726776123e-02
-1.031584218144416809e-01
-8.029071986675262451e-02
5.890448763966560364e-02
1.033880002796649933e-02
-1.350324451923370361e-01
6.445674598217010498e-02
-2.833555685356259346e-03
-8.750053495168685913e-02
-1.150897219777107239e-01
-6.015420332551002502e-02
2.371514774858951569e-02
3.469075262546539307e-02
-1.484939921647310257e-02
9.932561963796615601e-02
-8.752092719078063965e-02
2.503982782363891602e-01
-6.851904094219207764e-02
-4.984985291957855225e-02
6.640097126364707947e-03
5.910899490118026733e-03
1.312911808490753174e-01
5.255332961678504944e-02
-8.087176829576492310e-02
-1.306225731968879700e-02
-4.991611465811729431e-02
2.873067185282707214e-02
2.072642296552658081e-01
-9.489998221397399902e-02
-1.436549574136734009e-01
-4.024936258792877197e-02
-4.751074314117431641e-02
-1.736844629049301147e-01
-3.486821427941322327e-02
5.833921954035758972e-02
-8.179287612438201904e-02
1.461188048124313354e-01
-4.402951523661613464e-02
-1.533591151237487793e-01
-1.416406780481338501e-01
-8.611171692609786987e-02
1.312065571546554565e-01
-7.631645351648330688e-02
1.932012103497982025e-02
1.788766682147979736e-01
1.401220411062240601e-01
1.216011643409729004e-01
-4.610071703791618347e-02
-1.034497246146202087e-01
1.910454928874969482e-01
-1.204694360494613647e-01
6.748855859041213989e-02
-3.776021674275398254e-02
3.368219733238220215e-02
7.417293637990951538e-02
1.610938012599945068e-01
-9.643686562776565552e-02
7.079391181468963623e-02
2.113925851881504059e-02
-6.142279133200645447e-02
5.250953510403633118e-02
3.523063287138938904e-02
-4.462594911456108093e-02
9.046442806720733643e-02
9.429988265037536621e-02
-5.190158635377883911e-02
-3.095674328505992889e-02
-3.836939856410026550e-02
-4.500033333897590637e-02
7.956378161907196045e-02
-1.205505505204200745e-01
9.746947139501571655e-02
7.465448230504989624e-02
5.513394996523857117e-02
6.961774080991744995e-02
-1.342268660664558411e-02
-9.678936749696731567e-02
3.743699193000793457e-02
1.642505079507827759e-01
-1.790476739406585693e-01
1.268370747566223145e-01
1.299085170030593872e-01
-6.916768103837966919e-02
4.058794118463993073e-03
-7.111512869596481323e-02
1.364859938621520996e-01
1.053132042288780212e-01
-9.130281955003738403e-02
-7.959154248237609863e-02
-1.239861128851771355e-03
2.366239018738269806e-02
1.462511569261550903e-01
-1.020171213895082474e-02
-8.108378946781158447e-02
1.129282563924789429e-01
1.507448554039001465e-01
-9.744931757450103760e-02
-1.374191325157880783e-02
-9.875402599573135376e-02
1.449352595955133438e-02
-1.194502860307693481e-01
-1.845774948596954346e-01
-2.952338941395282745e-02
-2.209832333028316498e-02
-2.823607763275504112e-03
-2.902848459780216217e-02
-8.503715693950653076e-02
7.747773081064224243e-02
-8.226648718118667603e-02
1.897161453962326050e-01
-3.487507998943328857e-02
4.091504588723182678e-02
-7.702805101871490479e-02
1.244424059987068176e-01
4.493034258484840393e-02
1.099215373396873474e-01
-2.041141241788864136e-01
-6.827807053923606873e-03
-1.565849184989929199e-01
-9.213146567344665527e-02
1.059060022234916687e-01
-7.996298372745513916e-02
-2.121992409229278564e-02
5.760921165347099304e-02
-5.924373492598533630e-02
-2.755486965179443359e-02
-7.273254543542861938e-02
1.377038806676864624e-01
7.713184691965579987e-03
-9.909257292747497559e-02
-1.106868162751197815e-01
-3.969593346118927002e-02
6.610183417797088623e-02
3.322136029601097107e-02
2.688452973961830139e-02
-1.154792532324790955e-01
3.681673109531402588e-02
1.178930774331092834e-01
1.547043919563293457e-01
-1.784322969615459442e-02
5.331522971391677856e-02
1.592727452516555786e-01
7.294554729014635086e-03
2.161712944507598877e-02
-5.292329937219619751e-02
-1.978629231452941895e-01
-6.023750454187393188e-02
4.769723117351531982e-02
9.026004374027252197e-02
8.587412536144256592e-02
1.246123854070901871e-02
-8.840592205524444580e-02
-4.605939984321594238e-02
-1.186237782239913940e-01
9.007484465837478638e-02
-5.903680622577667236e-02
6.857763230800628662e-02
9.956520982086658478e-03
-7.449622452259063721e-02
1.502786669880151749e-02
-7.708050310611724854e-02
-9.911383688449859619e-02
-1.077123824506998062e-02
3.209557384252548218e-02
-1.018920317292213440e-01
-4.110424313694238663e-03
-5.294114723801612854e-02
-4.266065359115600586e-02
-1.022159457206726074e-01
3.243220970034599304e-02
-9.095187485218048096e-02
-5.169759690761566162e-02
-3.554711490869522095e-02
2.225238457322120667e-02
-9.210330247879028320e-02
5.240268539637327194e-03
-1.068314462900161743e-01
1.298259049654006958e-01
-2.097925357520580292e-02
-7.960932701826095581e-02
-8.797281980514526367e-02
-9.801559150218963623e-02
-7.755764573812484741e-02
1.218014359474182129e-01
1.634888816624879837e-03
-3.225318714976310730e-02
5.738140898756682873e-04
2.082897163927555084e-02
1.095193531364202499e-02
-3.417293354868888855e-02
-3.869652515277266502e-03
-4.195086658000946045e-03
2.293776534497737885e-02
-8.245734125375747681e-02
1.255329251289367676e-01
-1.181828230619430542e-02
1.494816839694976807e-01
4.185568168759346008e-02
-1.707209739834070206e-04
-2.671790542080998421e-03
5.529651418328285217e-02
-9.311203658580780029e-02
8.541964739561080933e-02
4.176691547036170959e-02
5.308373272418975830e-02
-4.903680458664894104e-02
3.896599635481834412e-02
-7.428220659494400024e-02
1.987699605524539948e-02
-1.252279877662658691e-01
-7.229234278202056885e-02
-5.015738680958747864e-02
-5.342893674969673157e-02
-4.172978550195693970e-02
-5.438314378261566162e-02
-4.094902798533439636e-02
8.743450790643692017e-02
9.454783052206039429e-02
5.158853903412818909e-02
-2.280438691377639771e-02
-9.979515522718429565e-02
-1.691743358969688416e-02
1.607939749956130981e-01
-5.386240780353546143e-02
2.915323898196220398e-02
-7.169179618358612061e-02
-5.740582011640071869e-03
-6.590816378593444824e-02
-3.874698653817176819e-02
-2.346246875822544098e-02
1.748865246772766113e-01
-7.926652580499649048e-02
1.090207323431968689e-01
-3.911156952381134033e-02
1.257250756025314331e-01
9.334540367126464844e-02
1.024593710899353027e-01
-3.751616226509213448e-03
-9.206032007932662964e-02
1.920097135007381439e-02
-5.675581842660903931e-02
1.480383425951004028e-01
-6.011764332652091980e-02
-6.334389001131057739e-02
-8.345115929841995239e-02
5.246173217892646790e-02
-1.085872352123260498e-01
1.733798980712890625e-01
8.337701857089996338e-02
-8.050412684679031372e-02
2.874497324228286743e-02
8.247733116149902344e-02
-8.288997411727905273e-02
-7.009633630514144897e-02
8.153282105922698975e-02
2.066351473331451416e-02
1.511786133050918579e-01
3.127186745405197144e-02
2.873028442263603210e-02
-1.073177978396415710e-01
-3.214158117771148682e-02
-1.212713420391082764e-01
1.922140717506408691e-01
-6.960121542215347290e-02
-9.175969660282135010e-02
-3.750759363174438477e-02
-5.887276306748390198e-02
-1.721554249525070190e-01
3.202391415834426880e-02
1.837567389011383057e-01
-1.417884975671768188e-01
1.109387576580047607e-01
-7.946839928627014160e-02
-2.167782373726367950e-02
8.637662231922149658e-02
-1.319460570812225342e-02
-9.436725080013275146e-02
-1.300094723701477051e-01
1.256545484066009521e-01
-1.608205214142799377e-02
-1.149730756878852844e-01
6.768368929624557495e-02
-9.102437645196914673e-02
-3.077182546257972717e-02
5.955779924988746643e-02
-2.108998782932758331e-02
-3.980222716927528381e-02
1.175202280282974243e-01
1.676293788477778435e-03
5.241218581795692444e-02
-6.498651206493377686e-02
1.148148104548454285e-01
-1.287592947483062744e-02
-3.688618540763854980e-02
-2.383183501660823822e-02
1.310436427593231201e-01
-6.857027858495712280e-02
-1.812071911990642548e-02
-6.711908429861068726e-02
-7.825241237878799438e-02
-1.006883233785629272e-01
-3.886343911290168762e-02
-9.255585819482803345e-02
-4.000895842909812927e-02
-4.551192745566368103e-02
-4.457656294107437134e-02
-8.949350565671920776e-02
9.428789466619491577e-02
-1.924885250627994537e-02
-4.396755993366241455e-02
9.914546459913253784e-02
-4.677496850490570068e-02
1.539837419986724854e-01
8.696802705526351929e-02
-4.173498228192329407e-02
6.218154728412628174e-02
-6.758376955986022949e-02
-5.163288116455078125e-02
-4.829380288720130920e-02
-2.755448222160339355e-02
-1.005934476852416992e-01
2.744247764348983765e-02
-1.060471832752227783e-01
8.853290230035781860e-02
-7.821381092071533203e-02
1.625707745552062988e-01
-5.794207006692886353e-02
8.744044601917266846e-02
-7.916183210909366608e-03
-2.008550986647605896e-02
-4.499751701951026917e-02
-2.661806717514991760e-02
1.590048223733901978e-01
-4.589588567614555359e-02
4.454572126269340515e-02
1.168272942304611206e-01
1.227936819195747375e-01
1.290959566831588745e-01
1.326770931482315063e-01
-9.439819306135177612e-02
1.569172553718090057e-02
1.557336449623107910e-01
-6.751806288957595825e-02
-1.051994785666465759e-01
5.672306567430496216e-02
-2.202281355857849121e-02
1.123491078615188599e-01
-3.648242354393005371e-02
1.064316928386688232e-02
-6.811813265085220337e-02
3.051957301795482635e-02
-1.623536497354507446e-01
1.438937038183212280e-01
5.485220812261104584e-03
-7.619578391313552856e-02
1.245216093957424164e-02
-1.226293891668319702e-01
-3.137334436178207397e-02
4.643352329730987549e-02
4.908808320760726929e-02
-6.789855659008026123e-02
-3.917424008250236511e-02
-1.051908358931541443e-02
6.401595659554004669e-03
-1.564162224531173706e-02
-1.011361256241798401e-01
-9.065994620323181152e-02
1.720390468835830688e-01
1.573096811771392822e-01
6.764041632413864136e-02
-4.984252154827117920e-02
-1.338008642196655273e-01
1.783618144690990448e-02
-1.338255703449249268e-01
-3.529056906700134277e-02
6.707096099853515625e-02
-2.818639390170574188e-02
1.903460770845413208e-01
-6.006673350930213928e-02
-3.485159948468208313e-02
-4.118448868393898010e-02
-1.196371316909790039e-01
-1.076040640473365784e-01
1.268467679619789124e-02
-1.594151742756366730e-02
-1.622066497802734375e-01
1.786494813859462738e-02
1.281358208507299423e-02
-1.145304664969444275e-01
2.963417768478393555e-02
-7.780922949314117432e-02
8.020307868719100952e-02
1.849576979875564575e-01
-1.215550452470779419e-01
-1.018184497952461243e-01
1.000044643878936768e-01
6.912802904844284058e-02
-8.156220614910125732e-02
-7.752847671508789062e-02
-1.013865023851394653e-01
2.943102456629276276e-02
1.420958805829286575e-02
9.953591227531433105e-02
1.908667385578155518e-01
-2.432608045637607574e-02
-7.670202851295471191e-02
1.323689371347427368e-01
-1.668709889054298401e-02
-6.718144565820693970e-02
4.365770891308784485e-02
-8.302789181470870972e-02
-1.117733269929885864e-01
-4.124334082007408142e-02
-4.890160635113716125e-02
-2.363439835608005524e-02
4.840661957859992981e-02
-9.879808872938156128e-03
8.528499305248260498e-02
4.581400752067565918e-02
9.083526208996772766e-03
-1.844409853219985962e-03
-1.215546503663063049e-01
-1.004112809896469116e-01
2.631759736686944962e-03
-3.632606565952301025e-02
-1.480055004358291626e-01
-1.218599304556846619e-01
-3.143738955259323120e-02
6.415314972400665283e-02
4.355928674340248108e-02
1.632832437753677368e-01
-8.868487179279327393e-02
1.840044558048248291e-02
-5.469062924385070801e-02
-2.510599792003631592e-02
6.938330829143524170e-02
1.436753869056701660e-01
3.034453839063644409e-02
-1.561832278966903687e-01
8.207886666059494019e-02
-5.750139057636260986e-02
-2.999005839228630066e-02
4.285278171300888062e-02
-9.584994614124298096e-02
-4.601848870515823364e-02
2.173934318125247955e-02
-3.796772332862019539e-03
2.397269010543823242e-02
-7.706138305366039276e-03
-5.718797817826271057e-02
-1.105517819523811340e-01
2.177350781857967377e-02
-1.507675498723983765e-01
3.701214864850044250e-02
1.800302267074584961e-01
2.230993211269378662e-01
-1.264573037624359131e-01
-1.046577319502830505e-01
-6.736984848976135254e-02
1.194119080901145935e-01
-9.962864220142364502e-02
-7.225313037633895874e-02
1.228488162159919739e-01
1.304837614297866821e-01
2.450862899422645569e-02
-9.536258131265640259e-02
-1.115705072879791260e-01
8.319660276174545288e-02
-4.184601083397865295e-02
-7.564957439899444580e-02
-8.764883130788803101e-02
-8.717785030603408813e-02
-8.984044939279556274e-02
-5.160962417721748352e-02
1.785019040107727051e-01
-4.237829148769378662e-02
9.146486967802047729e-02
2.132001966238021851e-01
5.678516253829002380e-02
9.554070979356765747e-02
-8.312938362360000610e-02
-2.520070225000381470e-02
-1.414980143308639526e-01
1.766605228185653687e-01
-8.013362064957618713e-03
-6.553834676742553711e-02
3.846267610788345337e-02
-4.907852038741111755e-03
3.092890419065952301e-02
-9.078421629965305328e-03
-1.063034236431121826e-01
-4.833130165934562683e-02
3.965311124920845032e-02
-9.862064570188522339e-02
-4.565871506929397583e-02
4.645599424839019775e-02
1.787446439266204834e-01
-1.052291318774223328e-01
1.292755454778671265e-01
-1.322920024394989014e-01
-1.473003476858139038e-01
1.371258944272994995e-01
-2.779896371066570282e-02
-1.220363602042198181e-01
1.071084886789321899e-01
1.715815216302871704e-01
-1.251022070646286011e-01
8.094256371259689331e-02
1.462690085172653198e-01
-2.710713818669319153e-02
1.163658574223518372e-01
9.364282339811325073e-02
4.899914562702178955e-02
-9.024728834629058838e-02
5.817318335175514221e-02
-1.132905632257461548e-01
-1.047354266047477722e-01
8.551941066980361938e-02
2.610175637528300285e-03
4.237509891390800476e-02
-1.066766232252120972e-01
-1.650223284959793091e-01
-9.867460280656814575e-02
-2.981135435402393341e-02
6.584890186786651611e-02
-1.480830907821655273e-01
4.310687945690006018e-04
-9.265407919883728027e-03
1.298413723707199097e-01
9.573548287153244019e-02
-7.980785518884658813e-02
1.514716893434524536e-01
-8.556698262691497803e-02
1.178614273667335510e-01
1.230688244104385376e-01
-5.906177684664726257e-02
-4.898861050605773926e-03
-8.830474317073822021e-02
1.158756669610738754e-02
-1.639205068349838257e-01
-1.084721647202968597e-02
-4.963032528758049011e-02
2.673060819506645203e-02
-1.734264893457293510e-03
-8.105269074440002441e-02
2.126533687114715576e-01
-5.620097741484642029e-02
-6.936138868331909180e-02
-8.253219723701477051e-02
5.772848799824714661e-02
1.682035624980926514e-01
-6.790909916162490845e-02
1.984363794326782227e-01
-6.010050699114799500e-02
-1.109389215707778931e-01
-8.056398481130599976e-02
1.081336364150047302e-01
-1.057536900043487549e-01
7.459583878517150879e-02
1.316280812025070190e-01
6.157012283802032471e-02
-2.984990179538726807e-02
-1.007171273231506348e-01
1.769199268892407417e-03
9.700730443000793457e-02
-1.096937879920005798e-01
1.385660320520401001e-01
-8.419017493724822998e-02
-4.613533243536949158e-02
2.426277613267302513e-03
6.482954323291778564e-02
6.860923022031784058e-02
5.276491492986679077e-02
1.878304034471511841e-02
-1.049335747957229614e-01
2.010405622422695160e-02
-9.939513169229030609e-03
-3.831180930137634277e-02
-1.077540814876556396e-01
2.346243895590305328e-02
-9.753032773733139038e-02
-2.533577755093574524e-02
-8.655945956707000732e-02
1.054972484707832336e-01
3.978725895285606384e-02
-4.839034378528594971e-02
-1.084375903010368347e-01
-1.050388142466545105e-01
-1.196401640772819519e-01
5.489596724510192871e-02
-1.418045721948146820e-02
7.784834504127502441e-02
-2.873428910970687866e-02
6.983748078346252441e-02
-1.203250363469123840e-01
-3.754880651831626892e-02
4.388051573187112808e-03
4.085824266076087952e-02
-7.021729834377765656e-03
3.237013518810272217e-02
-8.465167135000228882e-02
-8.228426426649093628e-02
-1.067926585674285889e-01
-9.110742062330245972e-02
-2.176727168262004852e-02
3.617498651146888733e-02
-6.794763356447219849e-02
-9.023622609674930573e-03
1.011218801140785217e-01
1.114886775612831116e-01
-3.879725933074951172e-02
5.608171969652175903e-02
8.817896991968154907e-02
3.359265159815549850e-03
2.261620573699474335e-02
-1.188761368393898010e-01
-6.937973946332931519e-02
6.246167048811912537e-02
-4.927887395024299622e-02
9.632385522127151489e-02
1.030944287776947021e-01
1.523966249078512192e-02
1.018197834491729736e-01
-5.413319915533065796e-03
-1.197334453463554382e-01
-4.581871908158063889e-03
1.122404858469963074e-01
1.082604825496673584e-01
1.052267700433731079e-01
2.397417090833187103e-02
-1.381072103977203369e-01
1.125083267688751221e-01
8.432580158114433289e-03
-3.464492782950401306e-02
-5.737176910042762756e-02
7.469446957111358643e-02
-5.817208439111709595e-02
-6.819847226142883301e-02
1.114599108695983887e-01
1.162107810378074646e-01
-6.621861457824707031e-02
-7.054626941680908203e-02
1.431689113378524780e-01
-4.245780780911445618e-02
-7.927809655666351318e-02
-8.632162213325500488e-02
-1.141276583075523376e-02
3.026980441063642502e-03
-1.099346056580543518e-01
4.349534213542938232e-02
4.277858138084411621e-02
-1.124019622802734375e-01
8.048015832901000977e-02
1.012084335088729858e-01
1.280165910720825195e-01
3.402515873312950134e-02
-5.536993965506553650e-02
-9.599531441926956177e-02
-3.519091755151748657e-02
1.727476133964955807e-03
-9.330060333013534546e-02
1.142572686076164246e-01
8.093088120222091675e-02
-6.702338904142379761e-02
9.430991113185882568e-02
2.813217975199222565e-02
2.089627273380756378e-02
-1.068470701575279236e-01
-7.880552113056182861e-02
-3.438559547066688538e-02
1.175634711980819702e-01
-6.534416973590850830e-02
8.742621541023254395e-02
-8.895147591829299927e-02
1.151614710688591003e-01
-5.954907834529876709e-02
5.502214655280113220e-02
7.755333185195922852e-02
-3.786284103989601135e-02
-4.695328883826732635e-03
-5.551338195800781250e-02
9.923794865608215332e-02
-1.433682292699813843e-01
3.124208189547061920e-02
-6.646426394581794739e-03
1.259060297161340714e-02
-2.794750966131687164e-02
1.630282551050186157e-01
-7.248990237712860107e-02
-5.665509030222892761e-02
1.472656577825546265e-01
-6.138858199119567871e-02
9.777288138866424561e-02
1.548774838447570801e-01
-4.372582584619522095e-02
-1.083226725459098816e-01
8.254998177289962769e-02
-3.502274304628372192e-02
-8.113362640142440796e-02
-1.539358031004667282e-02
-8.704479783773422241e-03
-7.348315417766571045e-02
3.767310455441474915e-02
-8.542148768901824951e-02
-2.993883565068244934e-02
-2.987347356975078583e-02
4.844823852181434631e-03
-9.220998734235763550e-02
6.435212492942810059e-02
4.169822484254837036e-02
-1.519290264695882797e-02
-1.532075740396976471e-02
1.152153462171554565e-01
5.308332666754722595e-02
5.140368267893791199e-02
8.310972154140472412e-02
-1.004302203655242920e-01
-4.371404275298118591e-02
7.286726497113704681e-03
-5.097011104226112366e-02
-1.439840625971555710e-02
-1.351690888404846191e-01
-2.643969841301441193e-02
2.749363519251346588e-02
1.073313504457473755e-01
4.993546009063720703e-02
-7.572691887617111206e-02
-7.440218329429626465e-02
-8.975519984960556030e-02
7.131467014551162720e-02
-5.463154986500740051e-02
-5.219468101859092712e-02
-1.132971942424774170e-01
1.547291725873947144e-01
1.749686598777770996e-01
-8.315855264663696289e-02
3.255682811141014099e-02
-9.029790759086608887e-02
-1.352571249008178711e-01
-9.509212523698806763e-02
1.170811336487531662e-02
-3.484508395195007324e-02
-8.403944969177246094e-02
-1.067122817039489746e-01
6.216233223676681519e-02
4.718104004859924316e-02
7.319259643554687500e-02
1.313952654600143433e-01
3.696254268288612366e-02
-6.751541793346405029e-02
4.900328442454338074e-02
-1.933069317601621151e-03
1.367111653089523315e-01
2.156938612461090088e-01
9.504364430904388428e-02
3.379946574568748474e-02
-7.304247468709945679e-02
8.429045975208282471e-02
6.362440437078475952e-02
-5.965895950794219971e-02
2.589187212288379669e-02
-1.861749142408370972e-01
-1.563463807106018066e-01
-3.022483736276626587e-02
-2.426666021347045898e-02
-7.546817511320114136e-02
7.643881719559431076e-03
5.710711330175399780e-02
9.904653578996658325e-02
6.212804839015007019e-02
1.897783130407333374e-01
-1.803114861249923706e-01
1.655056178569793701e-01
-1.955150961875915527e-01
1.698189824819564819e-01
-6.700195372104644775e-03
-4.718232899904251099e-02
3.104320541024208069e-02
-4.680865630507469177e-02
-7.277488708496093750e-03
8.225501328706741333e-02
1.060401648283004761e-01
9.304510429501533508e-03
-2.596960216760635376e-02
-1.574910730123519897e-01
-1.462754979729652405e-02
-7.349321246147155762e-02
9.274008125066757202e-02
1.181272789835929871e-01
9.125279635190963745e-02
9.807109087705612183e-02
-3.936917334794998169e-02
-9.434565901756286621e-02
-2.465280704200267792e-02
-1.700217723846435547e-01
1.004759338684380054e-03
-1.020179465413093567e-01
-1.390586793422698975e-01
2.353483289480209351e-01
-1.559585630893707275e-01
5.487396195530891418e-02
-1.434334814548492432e-01
4.485049098730087280e-02
9.115357697010040283e-02
-8.426400274038314819e-02
3.573177382349967957e-02
-1.407732516527175903e-01
5.352862179279327393e-02
6.207772344350814819e-02
-5.740207806229591370e-02
6.762788444757461548e-02
-5.213889107108116150e-02
-6.737137585878372192e-02
-3.247984452173113823e-03
-7.895420491695404053e-02
-7.024842500686645508e-02
1.069933846592903137e-01
-1.731610149145126343e-01
-1.499890536069869995e-02
4.674008861184120178e-02
7.849310338497161865e-02
-1.316778361797332764e-02
9.839317202568054199e-02
-1.107542142271995544e-01
2.027697414159774780e-01
-6.968918442726135254e-02
9.502045065164566040e-02
1.593077778816223145e-01
2.190192788839340210e-02
-1.079509630799293518e-01
8.426354825496673584e-02
6.918246299028396606e-02
-9.228015691041946411e-02
-2.842541434802114964e-04
-4.765348974615335464e-03
-1.906982064247131348e-01
7.451493293046951294e-02
-8.923649787902832031e-02
-6.079373136162757874e-02
1.979921311140060425e-01
-2.095551416277885437e-02
-1.690498925745487213e-02
4.372849315404891968e-02
-7.751753926277160645e-02
1.467516762204468250e-03
-7.207755744457244873e-02
9.034673869609832764e-02
-6.792466342449188232e-02
7.791699469089508057e-02
1.754740811884403229e-02
4.745394363999366760e-02
-1.112083438783884048e-02
3.973642736673355103e-02
-6.165733560919761658e-02
-3.551265969872474670e-02
-1.449836492538452148e-01
-1.406902819871902466e-01
-2.145226597785949707e-01
7.055635005235671997e-02
-9.715762734413146973e-02
4.527077823877334595e-02
-1.434875372797250748e-02
1.510221660137176514e-01
-1.605338603258132935e-02
1.393073946237564087e-01
-6.351429224014282227e-02
-7.894609868526458740e-02
1.323409974575042725e-01
-1.305125355720520020e-01
-7.901699095964431763e-02
5.885232612490653992e-02
-1.025000065565109253e-01
-3.987854346632957458e-02
7.969749718904495239e-02
-3.078460460528731346e-03
7.506138086318969727e-02
1.517938375473022461e-01
1.489244848489761353e-01
8.395091444253921509e-02
6.927452981472015381e-02
1.508365422487258911e-01
9.950841218233108521e-02
7.933122664690017700e-02
-2.136575430631637573e-02
1.132555156946182251e-01
5.832018330693244934e-02
3.884928766638040543e-03
9.173142910003662109e-02
1.487454324960708618e-01
4.181526973843574524e-02
2.860442921519279480e-02
1.127235963940620422e-01
1.124703288078308105e-01
3.493607789278030396e-02
-1.821703314781188965e-01
-1.558761745691299438e-01
-1.411956269294023514e-02
4.374500736594200134e-02
1.798166781663894653e-01
2.368080429732799530e-02
-3.980464767664670944e-03
-1.573933213949203491e-01
-8.805947750806808472e-02
-1.455192221328616142e-03
6.348206847906112671e-02
1.184155046939849854e-01
-1.066774502396583557e-01
-1.533181872218847275e-02
-7.895816117525100708e-02
-7.270766794681549072e-02
-5.195495858788490295e-02
-8.373593538999557495e-02
-1.681985892355442047e-02
8.686263114213943481e-03
4.672960191965103149e-02
5.841998755931854248e-02
-1.275560259819030762e-02
-1.068421676754951477e-01
-1.332304775714874268e-01
1.680741086602210999e-02
-4.470884799957275391e-02
-1.554795261472463608e-02
9.695912152528762817e-02
1.843847148120403290e-02
-7.142642885446548462e-02
4.264011979103088379e-02
-1.152278259396553040e-01
7.221381366252899170e-02
-8.632392622530460358e-03
9.113726764917373657e-02
2.579171955585479736e-02
2.581012807786464691e-02
-1.067922934889793396e-01
7.061302661895751953e-02
-8.765169978141784668e-02
-3.991840779781341553e-02
-3.099783509969711304e-02
1.840964541770517826e-03
7.694544643163681030e-02
-3.139824606478214264e-03
-8.383204229176044464e-03
1.149510145187377930e-01
-4.285670444369316101e-02
3.023766353726387024e-02
-3.102256357669830322e-02
-7.790593057870864868e-02
3.906497731804847717e-03
1.066182330250740051e-01
-4.253329336643218994e-02
1.998587325215339661e-02
4.507756792008876801e-03
-3.624977543950080872e-02
4.223131015896797180e-02
6.849964614957571030e-03
1.096416935324668884e-01
-1.389618515968322754e-01
-1.361494809389114380e-01
4.434260539710521698e-03
-2.065037377178668976e-02
5.469973385334014893e-02
-1.326595395803451538e-01
1.195665895938873291e-01
1.207239031791687012e-01
-3.308498859405517578e-02
1.109306588768959045e-01
-1.026074588298797607e-01
4.924684390425682068e-02
5.140779912471771240e-02
1.853439025580883026e-02
-9.788601659238338470e-03
2.064325101673603058e-02
7.451894134283065796e-02
3.342181816697120667e-02
6.551222503185272217e-02
1.170809939503669739e-01
7.630781829357147217e-02
-3.604938089847564697e-02
9.197735041379928589e-02
-9.817020595073699951e-02
8.712153881788253784e-02
-7.844805717468261719e-02
-1.057247817516326904e-01
-9.943046420812606812e-02
1.756610162556171417e-02
3.496995940804481506e-02
1.499238759279251099e-01
1.284320950508117676e-01
7.103187590837478638e-02
-1.583585590124130249e-01
-2.612014213809743524e-05
3.592350333929061890e-02
-9.746223688125610352e-02
3.160033375024795532e-02
-1.124759614467620850e-01
5.061879754066467285e-02
-1.063517481088638306e-01
7.008087635040283203e-02
-4.635495319962501526e-02
7.032380998134613037e-02
-9.392797201871871948e-02
7.425313442945480347e-02
-3.721103444695472717e-02
-1.134920790791511536e-01
-4.862006381154060364e-02
8.706770092248916626e-02
-8.844199590384960175e-03
1.171279400587081909e-01
-1.393140852451324463e-01
-6.740869581699371338e-02
7.525858283042907715e-02
1.218550577759742737e-01
4.652203619480133057e-02
-6.589224934577941895e-02
5.265777185559272766e-02
-2.337221428751945496e-02
-1.181380823254585266e-02
-6.494245678186416626e-02
1.071998625993728638e-01
-1.688127964735031128e-01
-3.682597354054450989e-02
8.885393291711807251e-02
1.972451061010360718e-02
-1.230202168226242065e-01
-5.025775358080863953e-02
2.418769709765911102e-02
-4.568918608129024506e-03
-2.194989006966352463e-03
-7.846571505069732666e-03
6.986815482378005981e-02
9.573449939489364624e-02
-1.116741001605987549e-01
6.372147053480148315e-02
-4.450587183237075806e-02
-2.480545081198215485e-02
-1.182940900325775146e-01
-1.067565754055976868e-01
-1.420802436769008636e-02
1.089670360088348389e-01
-9.368956834077835083e-02
-5.332305654883384705e-02
-1.121775954961776733e-01
5.475016683340072632e-02
8.808586746454238892e-02
-6.901262700557708740e-02
7.254208438098430634e-03
-4.893795121461153030e-04
1.477506160736083984e-01
4.838305339217185974e-02
9.926737844944000244e-02
-7.280066609382629395e-02
1.891143247485160828e-02
3.191683441400527954e-03
-3.069022856652736664e-02
-1.030817329883575439e-01
1.105660572648048401e-02
6.284391880035400391e-02
-9.832237660884857178e-02
1.074818074703216553e-01
1.171149685978889465e-01
2.272221259772777557e-02
-9.573350660502910614e-03
9.817560017108917236e-02
5.912682786583900452e-02
6.178838666528463364e-03
-3.041727468371391296e-04
3.089690394699573517e-02
-1.613377593457698822e-02
6.991133093833923340e-02
3.009848669171333313e-02
1.365440338850021362e-01
1.254951674491167068e-02
-1.053618788719177246e-01
9.658200293779373169e-02
-7.939205318689346313e-02
-1.224721893668174744e-01
-1.066174805164337158e-01
-7.020812481641769409e-02
-1.020176410675048828e-01
5.398812890052795410e-02
-1.164042204618453979e-01
-5.001821741461753845e-02
-5.259323120117187500e-02
1.251440308988094330e-02
1.217541247606277466e-01
5.330532789230346680e-02
7.682219892740249634e-02
-2.966314181685447693e-02
-8.235424011945724487e-02
9.456099569797515869e-02
-1.164037585258483887e-01
8.604363352060317993e-02
-1.338967978954315186e-01
1.717242039740085602e-02
5.496130138635635376e-02
-1.370664983987808228e-01
-5.877443403005599976e-02
-5.970751494169235229e-02
1.006317734718322754e-01
-9.549950063228607178e-02
-5.325346067547798157e-02
-7.086033374071121216e-02
-3.559754416346549988e-02
-1.264797002077102661e-01
1.074324827641248703e-02
-6.954760104417800903e-02
9.055180847644805908e-02
-3.642157465219497681e-02
3.442120552062988281e-02
7.498253881931304932e-02
8.029924333095550537e-02
1.022595688700675964e-01
-1.269133947789669037e-02
1.151130720973014832e-01
2.850955817848443985e-03
-1.026981249451637268e-01
-1.040277332067489624e-01
6.718164682388305664e-02
-7.315301802009344101e-03
1.006885543465614319e-01
-1.493958570063114166e-02
5.760388821363449097e-02
1.330792009830474854e-01
4.786893352866172791e-02
-1.429458856582641602e-01
-1.000719815492630005e-01
-9.159673750400543213e-02
-1.177554950118064880e-01
1.942131109535694122e-02
6.126267462968826294e-02
2.081164717674255371e-02
5.430911108851432800e-02
-1.248734667897224426e-01
1.006573662161827087e-01
2.149784006178379059e-02
6.613446772098541260e-02
-1.170579493045806885e-01
-9.614872187376022339e-02
-9.767137467861175537e-03
9.358137100934982300e-02
7.529193162918090820e-02
-7.697300985455513000e-03
-1.220441386103630066e-01
8.414489030838012695e-02
7.379505038261413574e-02
1.154956147074699402e-01
9.275758266448974609e-02
1.016958989202976227e-02
4.031571745872497559e-02
6.172604486346244812e-02
-2.146343886852264404e-02
3.171931207180023193e-02
8.579449728131294250e-03
6.682807952165603638e-02
8.330204337835311890e-02
-8.489614725112915039e-02
-9.018877148628234863e-02
-1.464877277612686157e-01
1.310857012867927551e-02
1.569063067436218262e-01
2.743692696094512939e-02
9.678318351507186890e-02
-5.588586628437042236e-02
-6.999370455741882324e-02
5.129569023847579956e-02
6.728079915046691895e-02
-4.419745877385139465e-02
4.314476624131202698e-02
8.170723915100097656e-02
-1.450734678655862808e-02
4.256008937954902649e-02
-2.341547980904579163e-02
6.403347104787826538e-02
-2.128803879022598267e-01
-5.918480828404426575e-02
-8.415520191192626953e-02
9.739689528942108154e-02
5.565414670854806900e-03
-1.034262627363204956e-01
-3.254650533199310303e-02
-1.079592630267143250e-01
1.671618781983852386e-03
-1.936230622231960297e-02
1.110881380736827850e-02
-4.885517433285713196e-02
-6.390122324228286743e-02
1.347945630550384521e-01
-1.628423184156417847e-01
5.743431299924850464e-02
2.539011649787425995e-02
2.975768968462944031e-02
2.352393232285976410e-02
8.056472241878509521e-02
-7.029224187135696411e-02
5.062640458345413208e-02
-3.061067871749401093e-02
8.832973428070545197e-03
3.937298059463500977e-02
3.663163632154464722e-02
1.875771954655647278e-02
2.313036471605300903e-02
-1.163540314882993698e-02
-1.001508608460426331e-01
1.279119998216629028e-01
-6.179557740688323975e-02
1.509656310081481934e-01
-9.729531593620777130e-03
-9.159997105598449707e-02
-1.019108891487121582e-01
-1.653267294168472290e-01
-1.878829859197139740e-02
4.433831572532653809e-02
2.485825866460800171e-02
9.925283491611480713e-02
1.789613626897335052e-02
8.056117594242095947e-02
-1.214504912495613098e-01
1.479307115077972412e-01
4.418545588850975037e-02
-1.078255772590637207e-01
-3.303891792893409729e-02
1.871617585420608521e-01
-3.020934760570526123e-02
-4.141437634825706482e-02
7.056560367345809937e-02
-1.207085102796554565e-01
3.629996627569198608e-02
-9.584427811205387115e-03
-8.300222456455230713e-02
1.657504439353942871e-01
3.293125703930854797e-02
-1.223846301436424255e-01
-2.629721350967884064e-02
-5.549512570723891258e-04
4.290276393294334412e-02
-9.386828169226646423e-03
1.256943773478269577e-02
-2.942515537142753601e-02
-1.523954886943101883e-02
1.350141912698745728e-01
7.331900298595428467e-02
3.121320158243179321e-02
9.811215847730636597e-02
-1.600028425455093384e-01
7.719214260578155518e-02
4.820217564702033997e-02
-6.022132560610771179e-02
1.175218150019645691e-01
-7.810103893280029297e-02
1.153998598456382751e-01
-8.559658378362655640e-02
-7.919078320264816284e-02
-1.308054178953170776e-01
-4.667834565043449402e-02
-1.067231819033622742e-01
-7.844883203506469727e-02
-4.701843485236167908e-02
2.366436459124088287e-02
6.036660447716712952e-02
-1.482461392879486084e-02
3.789665922522544861e-02
-2.778144320473074913e-03
-6.406562775373458862e-02
1.261464208364486694e-01
5.121248960494995117e-02
-2.982090041041374207e-02
5.606489256024360657e-02
1.104334816336631775e-01
3.860806673765182495e-02
-7.584000378847122192e-02
-7.192537654191255569e-03
-1.591562777757644653e-01
4.446753859519958496e-02
1.043100133538246155e-01
-3.515049815177917480e-02
-6.393466144800186157e-03
1.390029191970825195e-01
-1.147632673382759094e-02
-4.746356606483459473e-02
-1.054021120071411133e-01
1.035975944250822067e-02
-8.476726710796356201e-03
5.787269398570060730e-02
9.351047873497009277e-02
-1.077473163604736328e-01
-1.027216464281082153e-01
-7.411460578441619873e-02
-7.759866863489151001e-02
5.327259004116058350e-02
1.559610106050968170e-02
1.194793358445167542e-01
1.693103229627013206e-03
-7.711523771286010742e-02
9.007976390421390533e-03
5.492984876036643982e-02
-5.205500870943069458e-02
1.036146581172943115e-01
7.238812744617462158e-02
-4.691936448216438293e-02
6.479655206203460693e-02
-6.918530911207199097e-02
1.299574077129364014e-01
1.253605261445045471e-02
-8.975902944803237915e-02
-2.809676341712474823e-02
-1.283904630690813065e-02
5.449349060654640198e-02
-7.121809758245944977e-03
4.388311877846717834e-02
-6.212367443367838860e-04
1.158287376165390015e-01
-1.670233160257339478e-02
-1.670569740235805511e-02
1.047580689191818237e-01
4.458488523960113525e-02
-1.088844388723373413e-01
-1.190234720706939697e-01
-6.597695499658584595e-02
-6.996190641075372696e-03
-6.055764481425285339e-02
4.497129097580909729e-02
-4.593626409769058228e-02
4.010862112045288086e-02
-4.594186320900917053e-02
3.317772224545478821e-02
1.493686586618423462e-01
-9.127320349216461182e-02
7.013656198978424072e-02
1.414333432912826538e-01
-5.507654324173927307e-02
1.129613257944583893e-02
-1.652023941278457642e-02
-1.422004997730255127e-01
5.248865857720375061e-02
1.859038695693016052e-02
-7.003496587276458740e-02
4.602390900254249573e-02
9.739837609231472015e-03
2.244556322693824768e-02
1.048652604222297668e-01
4.303706437349319458e-02
1.169319152832031250e-01
6.370748579502105713e-02
-1.084911152720451355e-01
-9.189411252737045288e-02
-3.486091271042823792e-02
-3.567691147327423096e-02
6.239094585180282593e-02
1.068095341324806213e-01
7.770735770463943481e-02
9.320554882287979126e-02
1.354507505893707275e-01
7.257013022899627686e-02
-7.880166172981262207e-02
-3.647334873676300049e-02
-2.659206278622150421e-02
1.165366321802139282e-01
-5.094953253865242004e-02
-3.721180558204650879e-02
2.806639298796653748e-02
-3.441514819860458374e-02
-7.145461440086364746e-02
-5.440260842442512512e-02
1.238032057881355286e-01
3.049148060381412506e-02
4.831399768590927124e-03
-5.134389922022819519e-02
7.640961557626724243e-02
-2.368011325597763062e-02
3.453078866004943848e-02
-6.077799573540687561e-02
1.194079816341400146e-01
6.344080716371536255e-02
4.833419248461723328e-02
8.265154436230659485e-03
-4.451383650302886963e-02
-1.501883119344711304e-01
1.201535314321517944e-01
1.079329103231430054e-01
-6.417452357709407806e-03
-8.054134994745254517e-02
-5.659368634223937988e-02
2.165137231349945068e-02
1.330933067947626114e-02
-3.466425463557243347e-02
7.843805849552154541e-02
-5.428498238325119019e-02
8.794955909252166748e-02
-1.596076600253582001e-02
6.279786676168441772e-02
1.916595734655857086e-02
-8.038090914487838745e-02
-7.787551730871200562e-02
2.110328525304794312e-02
1.140059754252433777e-01
-2.446408197283744812e-02
5.411107465624809265e-02
1.141099259257316589e-01
-2.960290387272834778e-02
-2.941232360899448395e-02
-9.635733067989349365e-02
5.977724865078926086e-02
-8.669733256101608276e-02
-3.020178759470582008e-03
2.525366470217704773e-02
6.970773637294769287e-02
5.742689594626426697e-02
1.888960450887680054e-01
-8.645863085985183716e-02
-1.007057055830955505e-01
5.724620074033737183e-02
-3.954037278890609741e-02
1.088828667998313904e-01
-7.459285855293273926e-02
-3.998119384050369263e-02
-1.413588412106037140e-02
1.997439563274383545e-02
-1.044440781697630882e-03
8.319427073001861572e-02
3.059707023203372955e-02
-1.287970039993524551e-02
-4.539428278803825378e-02
7.800845801830291748e-02
-7.153181731700897217e-02
8.044186234474182129e-02
1.104915700852870941e-02
-4.833592101931571960e-03
7.441336661577224731e-02
-4.702267795801162720e-02
1.814089715480804443e-02
3.845684602856636047e-02
-4.890465736389160156e-02
-3.073428524658083916e-03
1.224952936172485352e-01
1.021501421928405762e-01
9.611991234123706818e-03
-1.051829010248184204e-01
-7.884613424539566040e-02
-1.166590750217437744e-01
1.856100708246231079e-01
-1.177725568413734436e-01
-2.267245203256607056e-02
-3.550481051206588745e-04
-3.030453622341156006e-02
2.706670202314853668e-02
1.047514602541923523e-01
-2.341404370963573456e-02
3.593571111559867859e-02
-6.936538219451904297e-02
9.069002419710159302e-02
-1.713551878929138184e-01
5.509967356920242310e-02
5.649570375680923462e-02
4.130738228559494019e-02
-1.110250055789947510e-01
2.138988226652145386e-01
2.821480389684438705e-03
-1.533814966678619385e-01
-1.431735306978225708e-01
-1.061148643493652344e-01
1.752737611532211304e-01
2.115293145179748535e-01
1.340645924210548401e-02
-1.420350223779678345e-01
-1.270579397678375244e-01
1.287642866373062134e-02
-6.361274421215057373e-02
-1.684765331447124481e-02
8.316418528556823730e-02
3.277416527271270752e-02
-7.745889574289321899e-02
-1.011413335800170898e-01
-9.236095845699310303e-02
-8.772090077400207520e-02
3.508382290601730347e-02
5.708953365683555603e-02
8.312555402517318726e-02
8.377015590667724609e-02
-3.604595735669136047e-02
-1.883788593113422394e-02
2.058461308479309082e-02
-1.164045631885528564e-01
-9.483698755502700806e-02
4.631119593977928162e-02
6.555400788784027100e-02
-6.117817014455795288e-02
-9.751294553279876709e-02
3.709156066179275513e-02
-9.213750064373016357e-02
1.669573225080966949e-02
1.153925582766532898e-01
-1.424612700939178467e-01
-7.815048098564147949e-02
-1.895664036273956299e-01
-1.073927581310272217e-01
4.882963001728057861e-02
-6.579347699880599976e-02
1.031580045819282532e-01
1.919047348201274872e-02
1.743146628141403198e-01
1.531132906675338745e-01
-9.591991454362869263e-02
7.157443463802337646e-02
-2.242876775562763214e-02
-4.161523655056953430e-02
1.274493932723999023e-01
5.974195897579193115e-02
1.484873443841934204e-01
-9.593418240547180176e-02
-1.282573491334915161e-01
1.262384653091430664e-01
7.983516901731491089e-02
9.252373129129409790e-02
1.856874674558639526e-01
2.191588282585144043e-02
-1.240714639425277710e-01
-1.060964092612266541e-01
-5.576911941170692444e-02
2.919014077633619308e-03
1.370070874691009521e-01
-4.259611293673515320e-02
1.265623122453689575e-01
6.736265122890472412e-02
-2.886281162500381470e-02
7.963953167200088501e-02
-5.972119420766830444e-02
6.312075257301330566e-02
-1.772685348987579346e-02
1.414620131254196167e-01
-6.036091968417167664e-02
-1.349878311157226562e-01
2.059686332941055298e-01
7.070048898458480835e-02
1.319296061992645264e-01
-1.246893256902694702e-01
-7.083299010992050171e-02
2.123663574457168579e-02
9.457928687334060669e-02
-2.207174152135848999e-02
6.089199334383010864e-02
1.470792889595031738e-01
2.970487810671329498e-02
-8.619920164346694946e-02
-1.100603863596916199e-01
-7.608563452959060669e-02
-1.723717004060745239e-01
8.384113013744354248e-02
-1.008281037211418152e-01
-1.318582147359848022e-01
2.370949648320674896e-02
-1.219633221626281738e-02
1.044350489974021912e-01
-1.694500893354415894e-01
6.879118084907531738e-02
-1.590578109025955200e-01
-1.012604683637619019e-01
-1.016795728355646133e-02
2.079993672668933868e-02
1.564960926771163940e-01
8.974673599004745483e-02
-7.548747956752777100e-02
-6.463816761970520020e-02
4.291305318474769592e-02
-1.170573309063911438e-01
4.445657134056091309e-02
-3.417172655463218689e-02
5.465114489197731018e-02
-4.965376853942871094e-02
-1.170411892235279083e-02
1.248061470687389374e-02
-6.104875355958938599e-02
-3.191998973488807678e-02
4.855037108063697815e-02
-3.709379956126213074e-02
-1.573195010423660278e-01
-1.378360092639923096e-01
-2.774451673030853271e-02
-1.542240381240844727e-01
7.686904817819595337e-02
-1.429299116134643555e-01
-9.776112437248229980e-02
1.567187756299972534e-01
1.161320433020591736e-01
8.147574961185455322e-03
-1.582747511565685272e-02
9.002254903316497803e-02
-6.311970204114913940e-02
1.620096564292907715e-01
1.101908553391695023e-02
-5.184959247708320618e-02
2.121836878359317780e-02
-1.382426470518112183e-01
1.354202926158905029e-01
1.936434656381607056e-01
1.451834887266159058e-01
-2.129054442048072815e-02
4.616959765553474426e-02
8.944232761859893799e-02
7.662098109722137451e-02
-6.314475834369659424e-02
3.055848926305770874e-02
-1.023267731070518494e-01
-1.130428444594144821e-02
-6.192034925334155560e-04
2.470073103904724121e-02
1.776184886693954468e-02
-1.838541030883789062e-01
-6.457250565290451050e-02
-1.822529546916484833e-02
7.838845998048782349e-02
-1.762921921908855438e-02
-6.277664750814437866e-02
-8.432958275079727173e-02
5.076032504439353943e-02
-1.737431064248085022e-02
-1.701835542917251587e-02
8.485964685678482056e-02
-1.193221136927604675e-01
-9.843365848064422607e-02
-5.953106097877025604e-03
1.498184353113174438e-02
7.586845010519027710e-02
-3.385414555668830872e-02
-6.156233325600624084e-02
-3.106389194726943970e-02
6.814036518335342407e-02
-1.479677855968475342e-01
-4.455403611063957214e-02
-4.239436239004135132e-02
1.698698103427886963e-01
6.644976884126663208e-02
1.023115813732147217e-01
9.409118443727493286e-02
9.224016219377517700e-02
-7.567106187343597412e-02
5.701519921422004700e-02
-5.308702215552330017e-02
-1.979298591613769531e-01
4.326072335243225098e-02
1.408398896455764771e-01
1.121784560382366180e-02
-1.277659088373184204e-01
-8.754104375839233398e-02
7.886061817407608032e-02
-7.551302760839462280e-02
8.324651420116424561e-02
-7.868734747171401978e-02
3.584727412089705467e-03
-1.255613863468170166e-01
-7.200818508863449097e-02
-1.809636503458023071e-02
3.401225432753562927e-02
9.267012774944305420e-02
8.613440394401550293e-02
1.729719638824462891e-01
-7.368315476924180984e-03
-2.526579797267913818e-02
7.765435427427291870e-02
-3.852316737174987793e-02
-2.528945170342922211e-02
-3.482962027192115784e-02
1.244024261832237244e-01
-1.430733408778905869e-02
6.769949942827224731e-02
6.218462809920310974e-02
7.905972748994827271e-02
